Use existing (1) or new (0)Input sizes: Input number of particles (for first two species, of three): a to add k point, r to add all k points in a radius, f to finish :Input radius:a to add k point, r to add all k points in a radius, f to finish :constraints are:
0 	1
1 	0
Input random seed:Choose cooling schedule (z : keep T=0, t : Thermodynamic, e : Exponential)Input Cooling speed, intial temperature, stopping temperature, and T=0 number of sweepsTime=0	 Trials=100	 Acceptances=100 	T=100 	E=0.657603
Time=1	 Trials=100100	 Acceptances=100017 	T=90.4837 	E=0.649875
Time=1	 Trials=150100	 Acceptances=149974 	T=81.8731 	E=1.88633
Time=1	 Trials=200100	 Acceptances=199922 	T=74.0818 	E=2.28646
Time=1	 Trials=250100	 Acceptances=249877 	T=67.032 	E=0.587923
Time=1	 Trials=300100	 Acceptances=299828 	T=60.6531 	E=0.936057
Time=1	 Trials=350100	 Acceptances=349781 	T=54.8812 	E=0.529598
Time=1	 Trials=400100	 Acceptances=399712 	T=49.6585 	E=0.572299
Time=1	 Trials=450100	 Acceptances=449658 	T=44.9329 	E=0.824688
Time=1	 Trials=500100	 Acceptances=499587 	T=40.657 	E=0.163892
Time=1	 Trials=550100	 Acceptances=549492 	T=36.7879 	E=0.797643
Time=1	 Trials=600100	 Acceptances=599406 	T=33.2871 	E=0.798053
Time=1	 Trials=650100	 Acceptances=649282 	T=30.1194 	E=1.65623
Time=1	 Trials=700100	 Acceptances=699155 	T=27.2532 	E=1.20922
Time=1	 Trials=750100	 Acceptances=749029 	T=24.6597 	E=0.691296
Time=1	 Trials=800100	 Acceptances=798874 	T=22.313 	E=0.452069
Time=1	 Trials=850100	 Acceptances=848709 	T=20.1897 	E=1.06017
Time=1	 Trials=900100	 Acceptances=898529 	T=18.2684 	E=0.888024
Time=1	 Trials=950100	 Acceptances=948349 	T=16.5299 	E=1.92837
Time=1	 Trials=1000100	 Acceptances=998131 	T=14.9569 	E=0.504914
Time=1	 Trials=1050100	 Acceptances=1047884 	T=13.5335 	E=0.596205
Time=1	 Trials=1100100	 Acceptances=1097609 	T=12.2456 	E=0.529301
Time=1	 Trials=1150100	 Acceptances=1147338 	T=11.0803 	E=1.85577
Time=1	 Trials=1200100	 Acceptances=1197023 	T=10.0259 	E=0.676214
Time=1	 Trials=1250100	 Acceptances=1246664 	T=9.0718 	E=1.13061
Time=1	 Trials=1300100	 Acceptances=1296310 	T=8.2085 	E=0.248857
Time=1	 Trials=1350100	 Acceptances=1345917 	T=7.42736 	E=0.570183
Time=1	 Trials=1400100	 Acceptances=1395445 	T=6.72055 	E=1.26868
Time=1	 Trials=1450100	 Acceptances=1444940 	T=6.08101 	E=0.346948
Time=1	 Trials=1500100	 Acceptances=1494351 	T=5.50232 	E=0.987563
Time=1	 Trials=1550100	 Acceptances=1543748 	T=4.97871 	E=1.09698
Time=1	 Trials=1600100	 Acceptances=1593081 	T=4.50492 	E=0.643105
Time=1	 Trials=1650100	 Acceptances=1642295 	T=4.07622 	E=0.6867
Time=1	 Trials=1700100	 Acceptances=1691486 	T=3.68832 	E=0.624066
Time=1	 Trials=1750100	 Acceptances=1740545 	T=3.33733 	E=0.963492
Time=1	 Trials=1800100	 Acceptances=1789581 	T=3.01974 	E=0.689373
Time=1	 Trials=1850100	 Acceptances=1838470 	T=2.73237 	E=1.01979
Time=1	 Trials=1900100	 Acceptances=1887231 	T=2.47235 	E=1.70442
Time=1	 Trials=1950100	 Acceptances=1935944 	T=2.23708 	E=1.01564
Time=1	 Trials=2000100	 Acceptances=1984501 	T=2.02419 	E=0.84353
Time=1	 Trials=2050100	 Acceptances=2032880 	T=1.83156 	E=1.21504
Time=1	 Trials=2100100	 Acceptances=2081058 	T=1.65727 	E=0.940711
Time=1	 Trials=2150100	 Acceptances=2129167 	T=1.49956 	E=0.799165
Time=1	 Trials=2200100	 Acceptances=2176971 	T=1.35686 	E=0.39241
Time=1	 Trials=2250100	 Acceptances=2224689 	T=1.22773 	E=0.790157
Time=1	 Trials=2300100	 Acceptances=2272115 	T=1.1109 	E=1.00896
Time=1	 Trials=2350100	 Acceptances=2319329 	T=1.00518 	E=0.564322
Time=1	 Trials=2400100	 Acceptances=2366138 	T=0.909528 	E=1.41815
Time=1	 Trials=2450100	 Acceptances=2412794 	T=0.822975 	E=1.4991
Time=1	 Trials=2500100	 Acceptances=2459183 	T=0.74911 	E=0.847553
Time=1	 Trials=2550100	 Acceptances=2505108 	T=0.685969 	E=0.963999
Time=1	 Trials=2600100	 Acceptances=2550819 	T=0.631996 	E=0.572599
Time=1	 Trials=2650100	 Acceptances=2596246 	T=0.586656 	E=0.191372
Time=1	 Trials=2700100	 Acceptances=2641430 	T=0.544967 	E=0.70444
Time=1	 Trials=2750100	 Acceptances=2686187 	T=0.510434 	E=0.345055
Time=1	 Trials=2800100	 Acceptances=2730910 	T=0.479243 	E=0.687312
Time=1	 Trials=2850100	 Acceptances=2775234 	T=0.444428 	E=0.532904
Time=1	 Trials=2900100	 Acceptances=2819156 	T=0.415499 	E=1.12935
Time=1	 Trials=2950100	 Acceptances=2862722 	T=0.393061 	E=0.167663
Time=1	 Trials=3000100	 Acceptances=2906067 	T=0.370226 	E=0.229847
Time=1	 Trials=3050100	 Acceptances=2948991 	T=0.349037 	E=0.289862
Time=1	 Trials=3100100	 Acceptances=2991565 	T=0.330922 	E=1.07484
Time=1	 Trials=3150100	 Acceptances=3033956 	T=0.314198 	E=0.623848
Time=1	 Trials=3200100	 Acceptances=3076033 	T=0.299167 	E=0.244672
Time=1	 Trials=3250100	 Acceptances=3117838 	T=0.284512 	E=0.159228
Time=1	 Trials=3300100	 Acceptances=3159343 	T=0.272924 	E=0.303877
Time=1	 Trials=3350100	 Acceptances=3200508 	T=0.261659 	E=0.331708
Time=1	 Trials=3400100	 Acceptances=3241346 	T=0.250144 	E=0.371784
Time=1	 Trials=3450100	 Acceptances=3281912 	T=0.239686 	E=0.579517
Time=1	 Trials=3500100	 Acceptances=3322183 	T=0.229037 	E=0.999703
Time=1	 Trials=3550100	 Acceptances=3361917 	T=0.219 	E=0.301332
Time=1	 Trials=3600100	 Acceptances=3401390 	T=0.208034 	E=0.355457
Time=1	 Trials=3650100	 Acceptances=3440557 	T=0.199626 	E=0.241697
Time=1	 Trials=3700100	 Acceptances=3479484 	T=0.191727 	E=0.0669825
Time=1	 Trials=3750100	 Acceptances=3517851 	T=0.184806 	E=0.113982
Time=1	 Trials=3800100	 Acceptances=3556043 	T=0.178252 	E=0.602037
Time=1	 Trials=3850100	 Acceptances=3594182 	T=0.172211 	E=0.444287
Time=1	 Trials=3900100	 Acceptances=3631963 	T=0.165674 	E=0.232589
Time=1	 Trials=3950100	 Acceptances=3669289 	T=0.159719 	E=0.195058
Time=1	 Trials=4000100	 Acceptances=3706263 	T=0.154032 	E=0.30577
Time=1	 Trials=4050100	 Acceptances=3742867 	T=0.14916 	E=0.466845
Time=1	 Trials=4100100	 Acceptances=3779541 	T=0.145502 	E=0.264478
Time=1	 Trials=4150100	 Acceptances=3815783 	T=0.140185 	E=0.111832
Time=1	 Trials=4200100	 Acceptances=3851570 	T=0.134518 	E=0.378905
Time=1	 Trials=4250100	 Acceptances=3887046 	T=0.13013 	E=0.181409
Time=1	 Trials=4300100	 Acceptances=3922165 	T=0.125915 	E=0.315504
Time=1	 Trials=4350100	 Acceptances=3957115 	T=0.121689 	E=0.27357
Time=1	 Trials=4400100	 Acceptances=3991937 	T=0.117769 	E=0.100339
Time=1	 Trials=4450100	 Acceptances=4026249 	T=0.114217 	E=0.144146
Time=1	 Trials=4500100	 Acceptances=4060298 	T=0.110684 	E=0.0815411
Time=1	 Trials=4550100	 Acceptances=4094047 	T=0.107053 	E=0.448912
Time=1	 Trials=4600100	 Acceptances=4127153 	T=0.103885 	E=0.813318
Time=1	 Trials=4650100	 Acceptances=4160071 	T=0.100567 	E=0.172732
Time=1	 Trials=4700100	 Acceptances=4192936 	T=0.0976221 	E=0.1984
Time=1	 Trials=4750100	 Acceptances=4225502 	T=0.0946071 	E=0.290046
Time=1	 Trials=4800100	 Acceptances=4257717 	T=0.0912834 	E=0.121523
Time=1	 Trials=4850100	 Acceptances=4289357 	T=0.0878844 	E=0.375431
Time=1	 Trials=4900100	 Acceptances=4320781 	T=0.0852834 	E=0.208673
Time=1	 Trials=4950100	 Acceptances=4352000 	T=0.0827778 	E=0.0894921
Time=1	 Trials=5000100	 Acceptances=4382794 	T=0.0804027 	E=0.219475
Time=1	 Trials=5050100	 Acceptances=4412860 	T=0.0777653 	E=0.15856
Time=1	 Trials=5100100	 Acceptances=4442780 	T=0.0754601 	E=0.185566
Time=1	 Trials=5150100	 Acceptances=4472538 	T=0.0732832 	E=0.279702
Time=2	 Trials=5200100	 Acceptances=4501921 	T=0.0710907 	E=0.0895022
Time=2	 Trials=5250100	 Acceptances=4530932 	T=0.0691405 	E=0.159144
Time=2	 Trials=5300100	 Acceptances=4559661 	T=0.0675923 	E=0.176261
Time=2	 Trials=5350100	 Acceptances=4587810 	T=0.0656621 	E=0.308586
Time=2	 Trials=5400100	 Acceptances=4615903 	T=0.0638649 	E=0.124552
Time=2	 Trials=5450100	 Acceptances=4643920 	T=0.0623573 	E=0.154948
Time=2	 Trials=5500100	 Acceptances=4671580 	T=0.060671 	E=0.125462
Time=2	 Trials=5550100	 Acceptances=4698905 	T=0.0590144 	E=0.0900499
Time=2	 Trials=5600100	 Acceptances=4725561 	T=0.0574662 	E=0.272077
Time=2	 Trials=5650100	 Acceptances=4752162 	T=0.0559866 	E=0.259328
Time=2	 Trials=5700100	 Acceptances=4778520 	T=0.0538696 	E=0.159983
Time=2	 Trials=5750100	 Acceptances=4804400 	T=0.0525747 	E=0.143152
Time=2	 Trials=5800100	 Acceptances=4830142 	T=0.0511514 	E=0.240798
Time=2	 Trials=5850100	 Acceptances=4855322 	T=0.0496915 	E=0.168588
Time=2	 Trials=5900100	 Acceptances=4880101 	T=0.048336 	E=0.165107
Time=2	 Trials=5950100	 Acceptances=4904713 	T=0.0470963 	E=0.153293
Time=2	 Trials=6000100	 Acceptances=4928799 	T=0.0460652 	E=0.250448
Time=2	 Trials=6050100	 Acceptances=4952962 	T=0.0448759 	E=0.329928
Time=2	 Trials=6100100	 Acceptances=4976563 	T=0.0437865 	E=0.111022
Time=2	 Trials=6150100	 Acceptances=5000017 	T=0.0426433 	E=0.0852513
Time=2	 Trials=6200100	 Acceptances=5023246 	T=0.0416353 	E=0.174097
Time=2	 Trials=6250100	 Acceptances=5045957 	T=0.0406917 	E=0.188966
Time=2	 Trials=6300100	 Acceptances=5068546 	T=0.0397043 	E=0.191046
Time=2	 Trials=6350100	 Acceptances=5090797 	T=0.0388066 	E=0.0540804
Time=2	 Trials=6400100	 Acceptances=5112574 	T=0.0379128 	E=0.102216
Time=2	 Trials=6450100	 Acceptances=5133999 	T=0.0369451 	E=0.202352
Time=2	 Trials=6500100	 Acceptances=5154952 	T=0.0360357 	E=0.194204
Time=2	 Trials=6550100	 Acceptances=5175964 	T=0.0351279 	E=0.0374471
Time=2	 Trials=6600100	 Acceptances=5196789 	T=0.0343215 	E=0.227144
Time=2	 Trials=6650100	 Acceptances=5217286 	T=0.0334806 	E=0.129335
Time=2	 Trials=6700100	 Acceptances=5237401 	T=0.0326196 	E=0.0974586
Time=2	 Trials=6750100	 Acceptances=5257131 	T=0.0319245 	E=0.0396661
Time=2	 Trials=6800100	 Acceptances=5276590 	T=0.0311019 	E=0.212572
Time=2	 Trials=6850100	 Acceptances=5295780 	T=0.0303555 	E=0.0640668
Time=2	 Trials=6900100	 Acceptances=5314720 	T=0.0296328 	E=0.151232
Time=2	 Trials=6950100	 Acceptances=5333316 	T=0.0289384 	E=0.0955846
Time=2	 Trials=7000100	 Acceptances=5351487 	T=0.0281989 	E=0.127003
Time=2	 Trials=7050100	 Acceptances=5369433 	T=0.0274819 	E=0.127864
Time=2	 Trials=7100100	 Acceptances=5387077 	T=0.0268291 	E=0.0741134
Time=2	 Trials=7150100	 Acceptances=5404516 	T=0.0261952 	E=0.138424
Time=2	 Trials=7200100	 Acceptances=5421404 	T=0.0255558 	E=0.146681
Time=2	 Trials=7250100	 Acceptances=5437982 	T=0.024957 	E=0.0828506
Time=2	 Trials=7300100	 Acceptances=5454225 	T=0.0243835 	E=0.0542485
Time=2	 Trials=7350100	 Acceptances=5470544 	T=0.0238613 	E=0.0716489
Time=2	 Trials=7400100	 Acceptances=5486616 	T=0.0232916 	E=0.0908754
Time=2	 Trials=7450100	 Acceptances=5502529 	T=0.0227249 	E=0.0266298
Time=2	 Trials=7500100	 Acceptances=5517993 	T=0.0222102 	E=0.163398
Time=2	 Trials=7550100	 Acceptances=5533182 	T=0.0216828 	E=0.0360345
Time=2	 Trials=7600100	 Acceptances=5547923 	T=0.0212022 	E=0.0300349
Time=2	 Trials=7650100	 Acceptances=5562614 	T=0.0206998 	E=0.0934205
Time=2	 Trials=7700100	 Acceptances=5576836 	T=0.0201837 	E=0.0376599
Time=2	 Trials=7750100	 Acceptances=5590932 	T=0.0197865 	E=0.0316358
Time=2	 Trials=7800100	 Acceptances=5604746 	T=0.0193678 	E=0.0694591
Time=2	 Trials=7850100	 Acceptances=5618163 	T=0.0189141 	E=0.0590024
Time=2	 Trials=7900100	 Acceptances=5631536 	T=0.018469 	E=0.0161046
Time=2	 Trials=7950100	 Acceptances=5644617 	T=0.0181038 	E=0.0403629
Time=2	 Trials=8000100	 Acceptances=5657476 	T=0.0176847 	E=0.0543838
Time=2	 Trials=8050100	 Acceptances=5669909 	T=0.0172887 	E=0.0695276
Time=2	 Trials=8100100	 Acceptances=5682151 	T=0.0169129 	E=0.0408176
Time=2	 Trials=8150100	 Acceptances=5694208 	T=0.0165033 	E=0.0488717
Time=2	 Trials=8200100	 Acceptances=5706089 	T=0.0161744 	E=0.0842441
Time=2	 Trials=8250100	 Acceptances=5717616 	T=0.0158177 	E=0.0291355
Time=2	 Trials=8300100	 Acceptances=5728927 	T=0.0154384 	E=0.03258
Time=2	 Trials=8350100	 Acceptances=5740148 	T=0.0151011 	E=0.0362664
Time=2	 Trials=8400100	 Acceptances=5751127 	T=0.0147222 	E=0.0555287
Time=2	 Trials=8450100	 Acceptances=5762034 	T=0.0144382 	E=0.102087
Time=2	 Trials=8500100	 Acceptances=5772450 	T=0.0141398 	E=0.0824351
Time=2	 Trials=8550100	 Acceptances=5782810 	T=0.013834 	E=0.0243268
Time=2	 Trials=8600100	 Acceptances=5792785 	T=0.0134418 	E=0.030687
Time=2	 Trials=8650100	 Acceptances=5802594 	T=0.0131381 	E=0.0442072
Time=2	 Trials=8700100	 Acceptances=5812245 	T=0.0127974 	E=0.0264325
Time=2	 Trials=8750100	 Acceptances=5821490 	T=0.0124874 	E=0.0135697
Time=2	 Trials=8800100	 Acceptances=5830495 	T=0.0122245 	E=0.0456109
Time=2	 Trials=8850100	 Acceptances=5839261 	T=0.011935 	E=0.0616213
Time=2	 Trials=8900100	 Acceptances=5847937 	T=0.0116784 	E=0.0546192
Time=2	 Trials=8950100	 Acceptances=5856370 	T=0.0114239 	E=0.0378572
Time=2	 Trials=9000100	 Acceptances=5864585 	T=0.0111522 	E=0.00979926
Time=2	 Trials=9050100	 Acceptances=5872547 	T=0.0108991 	E=0.0204431
Time=2	 Trials=9100100	 Acceptances=5880083 	T=0.0106555 	E=0.0438156
Time=2	 Trials=9150100	 Acceptances=5887566 	T=0.0104378 	E=0.0233141
Time=2	 Trials=9200100	 Acceptances=5895039 	T=0.0101675 	E=0.044904
Time=2	 Trials=9250100	 Acceptances=5902366 	T=0.00991631 	E=0.0624021
Time=2	 Trials=9300100	 Acceptances=5909409 	T=0.00971025 	E=0.0490845
Time=2	 Trials=9350100	 Acceptances=5916391 	T=0.00952117 	E=0.0423792
Time=2	 Trials=9400100	 Acceptances=5922942 	T=0.00931864 	E=0.0404761
Time=2	 Trials=9450100	 Acceptances=5929317 	T=0.00910938 	E=0.00954175
Time=2	 Trials=9500100	 Acceptances=5935744 	T=0.00892045 	E=0.0382279
Time=2	 Trials=9550100	 Acceptances=5942022 	T=0.00873582 	E=0.0371211
Time=2	 Trials=9600100	 Acceptances=5948069 	T=0.00856088 	E=0.0266745
Time=2	 Trials=9650100	 Acceptances=5953963 	T=0.00841417 	E=0.0125761
Time=2	 Trials=9700100	 Acceptances=5959869 	T=0.00820902 	E=0.0242582
Time=2	 Trials=9750100	 Acceptances=5965715 	T=0.00804222 	E=0.0426504
Time=2	 Trials=9800100	 Acceptances=5971318 	T=0.00787141 	E=0.0198012
Time=2	 Trials=9850100	 Acceptances=5976622 	T=0.00769998 	E=0.0358956
Time=2	 Trials=9900100	 Acceptances=5981832 	T=0.00752652 	E=0.0141824
Time=2	 Trials=9950100	 Acceptances=5986967 	T=0.00738281 	E=0.0251523
Time=2	 Trials=10000100	 Acceptances=5991935 	T=0.00724559 	E=0.0330347
Time=2	 Trials=10050100	 Acceptances=5996799 	T=0.0071075 	E=0.0370472
Time=2	 Trials=10100100	 Acceptances=6001570 	T=0.00696595 	E=0.0529545
Time=2	 Trials=10150100	 Acceptances=6006079 	T=0.00683149 	E=0.023388
Time=2	 Trials=10200100	 Acceptances=6010465 	T=0.00667609 	E=0.0440594
Time=2	 Trials=10250100	 Acceptances=6014840 	T=0.00653763 	E=0.0414852
Time=2	 Trials=10300100	 Acceptances=6019106 	T=0.00640625 	E=0.0517875
Time=2	 Trials=10350100	 Acceptances=6023209 	T=0.00627993 	E=0.0184369
Time=2	 Trials=10400100	 Acceptances=6027224 	T=0.00615546 	E=0.0237397
Time=2	 Trials=10450100	 Acceptances=6031096 	T=0.00601253 	E=0.0173402
Time=2	 Trials=10500100	 Acceptances=6034914 	T=0.005867 	E=0.0204532
Time=3	 Trials=10550100	 Acceptances=6038583 	T=0.00574646 	E=0.0223909
Time=3	 Trials=10600100	 Acceptances=6042192 	T=0.00561769 	E=0.0147212
Time=3	 Trials=10650100	 Acceptances=6045688 	T=0.00550746 	E=0.0237004
Time=3	 Trials=10700100	 Acceptances=6048967 	T=0.00541142 	E=0.0130309
Time=3	 Trials=10750100	 Acceptances=6052452 	T=0.00530729 	E=0.0121762
Time=3	 Trials=10800100	 Acceptances=6055725 	T=0.00521389 	E=0.0181466
Time=3	 Trials=10850100	 Acceptances=6058893 	T=0.00512176 	E=0.0265905
Time=3	 Trials=10900100	 Acceptances=6061836 	T=0.00503244 	E=0.0103828
Time=3	 Trials=10950100	 Acceptances=6064891 	T=0.00493507 	E=0.0146664
Time=3	 Trials=11000100	 Acceptances=6067608 	T=0.00484875 	E=0.0140793
Time=3	 Trials=11050100	 Acceptances=6070475 	T=0.00474516 	E=0.0235716
Time=3	 Trials=11100100	 Acceptances=6073318 	T=0.00465693 	E=0.0536805
Time=3	 Trials=11150100	 Acceptances=6075882 	T=0.00457952 	E=0.0109508
Time=3	 Trials=11200100	 Acceptances=6078599 	T=0.00450138 	E=0.0112375
Time=3	 Trials=11250100	 Acceptances=6081044 	T=0.00441792 	E=0.00696753
Time=3	 Trials=11300100	 Acceptances=6083523 	T=0.00435296 	E=0.00675474
Time=3	 Trials=11350100	 Acceptances=6085959 	T=0.00427237 	E=0.0127889
Time=3	 Trials=11400100	 Acceptances=6088354 	T=0.00419313 	E=0.0252071
Time=3	 Trials=11450100	 Acceptances=6090724 	T=0.0041069 	E=0.0210266
Time=3	 Trials=11500100	 Acceptances=6092933 	T=0.00402848 	E=0.0231908
Time=3	 Trials=11550100	 Acceptances=6095168 	T=0.00396653 	E=0.0108667
Time=3	 Trials=11600100	 Acceptances=6097268 	T=0.00390373 	E=0.00954175
Time=3	 Trials=11650100	 Acceptances=6099418 	T=0.00384966 	E=0.00410662
Time=3	 Trials=11700100	 Acceptances=6101509 	T=0.00379644 	E=0.00800583
Time=3	 Trials=11750100	 Acceptances=6103508 	T=0.0037413 	E=0.007709
Time=3	 Trials=11800100	 Acceptances=6105340 	T=0.00368425 	E=0.010086
Time=3	 Trials=11850100	 Acceptances=6107307 	T=0.00362955 	E=0.00808987
Time=3	 Trials=11900100	 Acceptances=6109093 	T=0.00357002 	E=0.00886052
Time=3	 Trials=11950100	 Acceptances=6110828 	T=0.00351342 	E=0.0408176
Time=3	 Trials=12000100	 Acceptances=6112534 	T=0.0034652 	E=0.0159413
Time=3	 Trials=12050100	 Acceptances=6114236 	T=0.00340455 	E=0.00971522
Time=3	 Trials=12100100	 Acceptances=6115941 	T=0.00335688 	E=0.0134857
Time=3	 Trials=12150100	 Acceptances=6117678 	T=0.00330986 	E=0.010654
Time=3	 Trials=12200100	 Acceptances=6119344 	T=0.00325581 	E=0.0154079
Time=3	 Trials=12250100	 Acceptances=6121026 	T=0.00320039 	E=0.00677027
Time=3	 Trials=12300100	 Acceptances=6122589 	T=0.00316636 	E=0.00455125
Time=3	 Trials=12350100	 Acceptances=6124047 	T=0.00311492 	E=0.0140537
Time=3	 Trials=12400100	 Acceptances=6125386 	T=0.00306392 	E=0.01058
Time=3	 Trials=12450100	 Acceptances=6126898 	T=0.0030326 	E=0.0271585
Time=3	 Trials=12500100	 Acceptances=6128286 	T=0.00298585 	E=0.0196623
Time=3	 Trials=12550100	 Acceptances=6129728 	T=0.00294602 	E=0.00632563
Time=3	 Trials=12600100	 Acceptances=6131080 	T=0.00290439 	E=0.0186496
Time=3	 Trials=12650100	 Acceptances=6132480 	T=0.00286483 	E=0.0117763
Time=3	 Trials=12700100	 Acceptances=6133757 	T=0.00282349 	E=0.0115635
Time=3	 Trials=12750100	 Acceptances=6134954 	T=0.00279402 	E=0.0122894
Time=3	 Trials=12800100	 Acceptances=6136291 	T=0.00276335 	E=0.0144501
Time=3	 Trials=12850100	 Acceptances=6137428 	T=0.00270905 	E=0.0161439
Time=3	 Trials=12900100	 Acceptances=6138656 	T=0.00265719 	E=0.0100961
Time=3	 Trials=12950100	 Acceptances=6139841 	T=0.002627 	E=0.0139405
Time=3	 Trials=13000100	 Acceptances=6140989 	T=0.00259029 	E=0.0185656
Time=3	 Trials=13050100	 Acceptances=6142180 	T=0.00255232 	E=0.00969617
Time=3	 Trials=13100100	 Acceptances=6143309 	T=0.00253311 	E=0.00577129
Time=3	 Trials=13150100	 Acceptances=6144450 	T=0.0024815 	E=0.00787708
Time=3	 Trials=13200100	 Acceptances=6145558 	T=0.00244548 	E=0.0193464
Time=3	 Trials=13250100	 Acceptances=6146519 	T=0.00241907 	E=0.00478432
Time=3	 Trials=13300100	 Acceptances=6147669 	T=0.00238441 	E=0.0122603
Time=3	 Trials=13350100	 Acceptances=6148656 	T=0.00235369 	E=0.0124439
Time=3	 Trials=13400100	 Acceptances=6149622 	T=0.00231646 	E=0.0163019
Time=3	 Trials=13450100	 Acceptances=6150657 	T=0.00229868 	E=0.00418052
Time=3	 Trials=13500100	 Acceptances=6151580 	T=0.00228182 	E=0.00282633
Time=3	 Trials=13550100	 Acceptances=6152472 	T=0.00223561 	E=0.0041358
Time=3	 Trials=13600100	 Acceptances=6153376 	T=0.00220735 	E=0.00577129
Time=3	 Trials=13650100	 Acceptances=6154247 	T=0.00218263 	E=0.00926044
Time=3	 Trials=13700100	 Acceptances=6155078 	T=0.00215519 	E=0.00318154
Time=3	 Trials=13750100	 Acceptances=6155898 	T=0.00213255 	E=0.00753553
Time=3	 Trials=13800100	 Acceptances=6156750 	T=0.00209858 	E=0.0108376
Time=3	 Trials=13850100	 Acceptances=6157516 	T=0.00208255 	E=0.00669636
Time=3	 Trials=13900100	 Acceptances=6158291 	T=0.00205631 	E=0.0145084
Time=3	 Trials=13950100	 Acceptances=6159098 	T=0.00203013 	E=0.00520329
Time=3	 Trials=14000100	 Acceptances=6159843 	T=0.00201435 	E=0.00789073
Time=3	 Trials=14050100	 Acceptances=6160577 	T=0.00198788 	E=0.00696753
Time=3	 Trials=14100100	 Acceptances=6161356 	T=0.00197013 	E=0.0111087
Time=3	 Trials=14150100	 Acceptances=6162019 	T=0.0019465 	E=0.0107827
Time=3	 Trials=14200100	 Acceptances=6162696 	T=0.00192983 	E=0.00629644
Time=3	 Trials=14250100	 Acceptances=6163368 	T=0.00191142 	E=0.00455125
Time=3	 Trials=14300100	 Acceptances=6164095 	T=0.00189936 	E=0.00702238
Time=3	 Trials=14350100	 Acceptances=6164753 	T=0.00189002 	E=0.00544527
Time=3	 Trials=14400100	 Acceptances=6165394 	T=0.00186777 	E=0.00402258
Time=3	 Trials=14450100	 Acceptances=6166015 	T=0.00185351 	E=0.00618674
Time=3	 Trials=14500100	 Acceptances=6166732 	T=0.0018346 	E=0.00515857
Time=3	 Trials=14550100	 Acceptances=6167402 	T=0.00181976 	E=0.0103089
Time=3	 Trials=14600100	 Acceptances=6168090 	T=0.00180542 	E=0.0120183
Time=3	 Trials=14650100	 Acceptances=6168693 	T=0.00178947 	E=0.00463529
Time=3	 Trials=14700100	 Acceptances=6169343 	T=0.00176874 	E=0.00982844
Time=3	 Trials=14750100	 Acceptances=6169946 	T=0.00175138 	E=0.00193232
Time=3	 Trials=14800100	 Acceptances=6170616 	T=0.00173583 	E=0.0106248
Time=3	 Trials=14850100	 Acceptances=6171282 	T=0.00172389 	E=0.0123342
Time=3	 Trials=14900100	 Acceptances=6171839 	T=0.00171326 	E=0.00958646
Time=3	 Trials=14950100	 Acceptances=6172392 	T=0.00169245 	E=0.012873
Time=3	 Trials=15000100	 Acceptances=6172907 	T=0.00167727 	E=0.0100806
Time=3	 Trials=15050100	 Acceptances=6173515 	T=0.00165911 	E=0.00927058
Time=3	 Trials=15100100	 Acceptances=6174036 	T=0.00164616 	E=0.00779304
Time=3	 Trials=15150100	 Acceptances=6174563 	T=0.00163774 	E=0.00204554
Time=3	 Trials=15200100	 Acceptances=6175162 	T=0.00161669 	E=0.00664151
Time=3	 Trials=15250100	 Acceptances=6175720 	T=0.0016053 	E=0.0119444
Time=3	 Trials=15300100	 Acceptances=6176211 	T=0.0015876 	E=0.00467461
Time=3	 Trials=15350100	 Acceptances=6176763 	T=0.0015764 	E=0.00861854
Time=3	 Trials=15400100	 Acceptances=6177310 	T=0.00156413 	E=0.00857383
Time=3	 Trials=15450100	 Acceptances=6177771 	T=0.00155081 	E=0.0113799
Time=3	 Trials=15500100	 Acceptances=6178253 	T=0.00153791 	E=0.00471933
Time=3	 Trials=15550100	 Acceptances=6178720 	T=0.00151862 	E=0.006384
Time=3	 Trials=15600100	 Acceptances=6179229 	T=0.001507 	E=0.00547093
Time=3	 Trials=15650100	 Acceptances=6179700 	T=0.00150381 	E=0.00648357
Time=3	 Trials=15700100	 Acceptances=6180104 	T=0.00150122 	E=0.0051741
Time=3	 Trials=15750100	 Acceptances=6180523 	T=0.00149203 	E=0.00720951
Time=3	 Trials=15800100	 Acceptances=6180991 	T=0.00148607 	E=0.0146664
Time=3	 Trials=15850100	 Acceptances=6181433 	T=0.00147731 	E=0.00500063
Time=3	 Trials=15900100	 Acceptances=6181873 	T=0.00146074 	E=0.00689363
Time=3	 Trials=15950100	 Acceptances=6182270 	T=0.00144819 	E=0.0069932
Time=3	 Trials=16000100	 Acceptances=6182717 	T=0.00143812 	E=0.00285552
Time=3	 Trials=16050100	 Acceptances=6183120 	T=0.00142911 	E=0.00434859
Time=4	 Trials=16100100	 Acceptances=6183609 	T=0.00141389 	E=0.00587086
Time=4	 Trials=16150100	 Acceptances=6184039 	T=0.00140231 	E=0.00562888
Time=4	 Trials=16200100	 Acceptances=6184424 	T=0.00139367 	E=0.0100412
Time=4	 Trials=16250100	 Acceptances=6184833 	T=0.00138776 	E=0.00200083
Time=4	 Trials=16300100	 Acceptances=6185166 	T=0.00138408 	E=0.00696753
Time=4	 Trials=16350100	 Acceptances=6185594 	T=0.00137716 	E=0.00729355
Time=4	 Trials=16400100	 Acceptances=6186022 	T=0.00136591 	E=0.0118347
Time=4	 Trials=16450100	 Acceptances=6186415 	T=0.00135641 	E=0.00639953
Time=4	 Trials=16500100	 Acceptances=6186813 	T=0.0013442 	E=0.00672555
Time=4	 Trials=16550100	 Acceptances=6187129 	T=0.0013413 	E=0.00343905
Time=4	 Trials=16600100	 Acceptances=6187501 	T=0.00133294 	E=0.00303561
Time=4	 Trials=16650100	 Acceptances=6187831 	T=0.00133114 	E=0.00557402
Time=4	 Trials=16700100	 Acceptances=6188143 	T=0.0013215 	E=0.00696753
Time=4	 Trials=16750100	 Acceptances=6188500 	T=0.00130848 	E=0.00689363
Time=4	 Trials=16800100	 Acceptances=6188874 	T=0.00130202 	E=0.00278701
Time=4	 Trials=16850100	 Acceptances=6189256 	T=0.00129268 	E=0.00565806
Time=4	 Trials=16900100	 Acceptances=6189621 	T=0.0012839 	E=0.00509006
Time=4	 Trials=16950100	 Acceptances=6189991 	T=0.00128023 	E=0.00287105
Time=4	 Trials=17000100	 Acceptances=6190302 	T=0.00127157 	E=0.0046061
Time=4	 Trials=17050100	 Acceptances=6190695 	T=0.00126612 	E=0.00599961
Time=4	 Trials=17100100	 Acceptances=6191011 	T=0.0012574 	E=0.00594476
Time=4	 Trials=17150100	 Acceptances=6191330 	T=0.00125262 	E=0.00247113
Time=4	 Trials=17200100	 Acceptances=6191638 	T=0.0012462 	E=0.00474852
Time=4	 Trials=17250100	 Acceptances=6192000 	T=0.0012338 	E=0.00615755
Time=4	 Trials=17350100	 Acceptances=6192645 	T=0.00122641 	E=0.00201636
Time=4	 Trials=17450100	 Acceptances=6193216 	T=0.0012155 	E=0.0035678
Time=4	 Trials=17550100	 Acceptances=6193662 	T=0.00121316 	E=0.00487727
Time=4	 Trials=17650100	 Acceptances=6194303 	T=0.00120491 	E=0.00268392
Time=4	 Trials=17750100	 Acceptances=6194990 	T=0.00119151 	E=0.0021743
Time=4	 Trials=17850100	 Acceptances=6195512 	T=0.00118568 	E=0.0013196
Time=4	 Trials=17950100	 Acceptances=6196090 	T=0.00117438 	E=0.00680959
Time=4	 Trials=18050100	 Acceptances=6196533 	T=0.00116978 	E=0.000820114
Time=4	 Trials=18150100	 Acceptances=6197069 	T=0.00116733 	E=0.00386464
Time=4	 Trials=18250100	 Acceptances=6197599 	T=0.00115927 	E=0.00447735
Time=4	 Trials=18350100	 Acceptances=6198184 	T=0.00115776 	E=0.00252598
Time=4	 Trials=18450100	 Acceptances=6198748 	T=0.00115253 	E=0.005248
Time=4	 Trials=18550100	 Acceptances=6199302 	T=0.0011406 	E=0.0060288
Time=4	 Trials=18650100	 Acceptances=6199870 	T=0.00113015 	E=0.00319707
Time=4	 Trials=18750100	 Acceptances=6200385 	T=0.00111933 	E=0.00450654
Time=4	 Trials=18850100	 Acceptances=6200843 	T=0.00111706 	E=0.007709
Time=4	 Trials=18950100	 Acceptances=6201419 	T=0.00111214 	E=0.00201636
Time=4	 Trials=19050100	 Acceptances=6201935 	T=0.0011058 	E=0.00401718
Time=4	 Trials=19150100	 Acceptances=6202474 	T=0.00109595 	E=0.00747715
Time=4	 Trials=19250100	 Acceptances=6202942 	T=0.00108513 	E=0.00688349
Time=4	 Trials=19350100	 Acceptances=6203422 	T=0.00107583 	E=0.00418052
Time=4	 Trials=19450100	 Acceptances=6203890 	T=0.00106858 	E=0.00402258
Time=4	 Trials=19550100	 Acceptances=6204380 	T=0.00105919 	E=0.00725422
Time=4	 Trials=19650100	 Acceptances=6204870 	T=0.001053 	E=0.00447735
Time=4	 Trials=19750100	 Acceptances=6205416 	T=0.0010418 	E=0.00287105
Time=4	 Trials=19850100	 Acceptances=6205869 	T=0.00103199 	E=0.00522895
Time=4	 Trials=19950100	 Acceptances=6206461 	T=0.00102419 	E=0.00707723
Time=4	 Trials=20050100	 Acceptances=6206975 	T=0.00102011 	E=0.00160091
Time=4	 Trials=20150100	 Acceptances=6207359 	T=0.0010153 	E=0.00300994
Time=4	 Trials=20250100	 Acceptances=6207889 	T=0.00100641 	E=0.00575763
Time=4	 Trials=20350100	 Acceptances=6208280 	T=0.00100387 	E=0.00134879
Time=4	 Trials=20450100	 Acceptances=6208724 	T=0.00100314 	E=0.00471933
Time=4	 Trials=20550100	 Acceptances=6209161 	T=0.000994355 	E=0.00185842
Time=4	 Trials=20650100	 Acceptances=6209518 	T=0.000992166 	E=0.00238709
Time=4	 Trials=20750100	 Acceptances=6209946 	T=0.00097771 	E=0.00198717
Time=4	 Trials=20850100	 Acceptances=6210382 	T=0.000976459 	E=0.0021743
Time=4	 Trials=20950100	 Acceptances=6210706 	T=0.000974651 	E=0.0093153
Time=4	 Trials=21050100	 Acceptances=6211124 	T=0.000971507 	E=0.0035678
Time=4	 Trials=21150100	 Acceptances=6211400 	T=0.00096766 	E=0.0074962
Time=4	 Trials=21250100	 Acceptances=6211849 	T=0.000960768 	E=0.0060288
Time=4	 Trials=21350100	 Acceptances=6212173 	T=0.000957385 	E=0.00279715
Time=4	 Trials=21450100	 Acceptances=6212586 	T=0.000951493 	E=0.00557402
Time=4	 Trials=21550100	 Acceptances=6212882 	T=0.000949296 	E=0.00655747
Time=5	 Trials=21650100	 Acceptances=6213368 	T=0.00094704 	E=0.00651276
Time=5	 Trials=21750100	 Acceptances=6213705 	T=0.000942483 	E=0.00212958
Time=5	 Trials=21850100	 Acceptances=6214066 	T=0.000937407 	E=0.00440345
Time=5	 Trials=21950100	 Acceptances=6214544 	T=0.000930815 	E=0.00431941
Time=5	 Trials=22050100	 Acceptances=6214965 	T=0.000928606 	E=0.00444816
Time=5	 Trials=22150100	 Acceptances=6215283 	T=0.000921886 	E=0.0104513
Time=5	 Trials=22250100	 Acceptances=6215676 	T=0.000918889 	E=0.00544175
Time=5	 Trials=22350100	 Acceptances=6216000 	T=0.00091505 	E=0.00718032
Time=5	 Trials=22450100	 Acceptances=6216276 	T=0.000913726 	E=0.00380978
Time=5	 Trials=22550100	 Acceptances=6216614 	T=0.000912368 	E=0.00338068
Time=5	 Trials=22650100	 Acceptances=6216971 	T=0.000911345 	E=0.00110681
Time=5	 Trials=22750100	 Acceptances=6217164 	T=0.000909482 	E=0.00225834
Time=5	 Trials=22850100	 Acceptances=6217480 	T=0.000907783 	E=0.00455125
Time=5	 Trials=22950100	 Acceptances=6217878 	T=0.000901092 	E=0.00471933
Time=5	 Trials=23050100	 Acceptances=6218180 	T=0.00089832 	E=0.00308384
Time=5	 Trials=23150100	 Acceptances=6218530 	T=0.000896583 	E=0.00209026
Time=5	 Trials=23250100	 Acceptances=6218811 	T=0.000893826 	E=0.00415133
Time=5	 Trials=23350100	 Acceptances=6219084 	T=0.000892969 	E=0.0027423
Time=5	 Trials=23450100	 Acceptances=6219397 	T=0.00088826 	E=0.00262907
Time=5	 Trials=23550100	 Acceptances=6219758 	T=0.000886882 	E=0.00487727
Time=5	 Trials=23650100	 Acceptances=6220100 	T=0.000882715 	E=0.00426456
Time=5	 Trials=23750100	 Acceptances=6220428 	T=0.000880841 	E=0.00332582
Time=5	 Trials=23850100	 Acceptances=6220675 	T=0.000877521 	E=0.0024556
Time=5	 Trials=23950100	 Acceptances=6220949 	T=0.00087154 	E=0.0021743
Time=5	 Trials=24050100	 Acceptances=6221272 	T=0.000870157 	E=0.0021004
Time=5	 Trials=24150100	 Acceptances=6221486 	T=0.000869092 	E=0.00520329
Time=5	 Trials=24250100	 Acceptances=6221833 	T=0.000866088 	E=0.00380978
Time=5	 Trials=24350100	 Acceptances=6222306 	T=0.000862135 	E=0.00362266
Time=5	 Trials=24450100	 Acceptances=6222572 	T=0.000860021 	E=0.0028108
Time=5	 Trials=24550100	 Acceptances=6222961 	T=0.000855745 	E=0.00507453
Time=5	 Trials=24650100	 Acceptances=6223195 	T=0.000855139 	E=0.00573196
Time=5	 Trials=24750100	 Acceptances=6223535 	T=0.000852234 	E=0.00201636
Time=5	 Trials=24850100	 Acceptances=6223745 	T=0.000849734 	E=0.00339433
Time=5	 Trials=24950100	 Acceptances=6223844 	T=0.000845692 	E=0.00143283
Time=5	 Trials=25050100	 Acceptances=6224061 	T=0.000843675 	E=0.0021743
Time=5	 Trials=25150100	 Acceptances=6224326 	T=0.000836588 	E=0.00238709
Time=5	 Trials=25250100	 Acceptances=6224597 	T=0.000832197 	E=0.00239723
Time=5	 Trials=25350100	 Acceptances=6224812 	T=0.000830569 	E=0.00279715
Time=5	 Trials=25450100	 Acceptances=6225091 	T=0.00082866 	E=0.00139351
Time=5	 Trials=25550100	 Acceptances=6225315 	T=0.00082513 	E=0.00450654
Time=5	 Trials=25650100	 Acceptances=6225619 	T=0.000818421 	E=0.00362266
Time=5	 Trials=25750100	 Acceptances=6225858 	T=0.000817496 	E=0.000974535
Time=5	 Trials=25850100	 Acceptances=6226143 	T=0.000814744 	E=0.0027423
Time=5	 Trials=25950100	 Acceptances=6226452 	T=0.000812522 	E=0.00795098
Time=5	 Trials=26050100	 Acceptances=6226867 	T=0.000810932 	E=0.00170047
Time=5	 Trials=26150100	 Acceptances=6227132 	T=0.000810254 	E=0.00335501
Time=5	 Trials=26250100	 Acceptances=6227393 	T=0.000809102 	E=0.00316788
Time=5	 Trials=26350100	 Acceptances=6227590 	T=0.000804938 	E=0.00456139
Time=5	 Trials=26450100	 Acceptances=6227899 	T=0.000800548 	E=0.00381992
Time=5	 Trials=26550100	 Acceptances=6228183 	T=0.000797868 	E=0.00234237
Time=5	 Trials=26650100	 Acceptances=6228375 	T=0.000796206 	E=0.00241628
Time=5	 Trials=26750100	 Acceptances=6228518 	T=0.000795396 	E=0.00569738
Time=5	 Trials=26850100	 Acceptances=6228834 	T=0.00079111 	E=0.0021004
Time=5	 Trials=26950100	 Acceptances=6229054 	T=0.000785654 	E=0.00353862
Time=6	 Trials=27050100	 Acceptances=6229365 	T=0.000783986 	E=0.00402258
Time=6	 Trials=27150100	 Acceptances=6229678 	T=0.000779907 	E=0.00463529
Time=6	 Trials=27250100	 Acceptances=6229877 	T=0.000779083 	E=0.00141378
Time=6	 Trials=27350100	 Acceptances=6230191 	T=0.000775429 	E=0.0068543
Time=6	 Trials=27450100	 Acceptances=6230518 	T=0.000774203 	E=0.00319707
Time=6	 Trials=27550100	 Acceptances=6230747 	T=0.000772998 	E=0.00225834
Time=6	 Trials=27650100	 Acceptances=6231000 	T=0.00076784 	E=0.00177438
Time=6	 Trials=27750100	 Acceptances=6231095 	T=0.000765345 	E=0.00559969
Time=6	 Trials=27850100	 Acceptances=6231372 	T=0.0007628 	E=0.00201636
Time=6	 Trials=27950100	 Acceptances=6231621 	T=0.000759041 	E=0.00352309
Time=6	 Trials=28050100	 Acceptances=6231853 	T=0.000755165 	E=0.0021743
Time=6	 Trials=28150100	 Acceptances=6232052 	T=0.000754469 	E=0.005248
Time=6	 Trials=28250100	 Acceptances=6232264 	T=0.000752048 	E=0.00415133
Time=6	 Trials=28350100	 Acceptances=6232515 	T=0.000750784 	E=0.00629644
Time=6	 Trials=28450100	 Acceptances=6232874 	T=0.000749516 	E=0.0029497
Time=6	 Trials=28550100	 Acceptances=6233110 	T=0.000745593 	E=0.00218443
Time=6	 Trials=28650100	 Acceptances=6233401 	T=0.000742936 	E=0.00338068
Time=6	 Trials=28750100	 Acceptances=6233690 	T=0.000740155 	E=0.00415133
Time=6	 Trials=28850100	 Acceptances=6233904 	T=0.000738575 	E=0.005248
Time=6	 Trials=28950100	 Acceptances=6234108 	T=0.00073545 	E=0.00554484
Time=6	 Trials=29050100	 Acceptances=6234301 	T=0.000731462 	E=0.00435873
Time=6	 Trials=29150100	 Acceptances=6234549 	T=0.000728003 	E=0.00324178
Time=6	 Trials=29250100	 Acceptances=6234862 	T=0.000725345 	E=0.00278701
Time=6	 Trials=29350100	 Acceptances=6235104 	T=0.000722869 	E=0.00254503
Time=6	 Trials=29450100	 Acceptances=6235280 	T=0.000721536 	E=0.00287105
Time=6	 Trials=29550100	 Acceptances=6235308 	T=0.000717499 	E=0.00086483
Time=6	 Trials=29650100	 Acceptances=6235339 	T=0.000709429 	E=0.0013196
Time=6	 Trials=29750100	 Acceptances=6235421 	T=0.000707605 	E=0.00193232
Time=6	 Trials=29850100	 Acceptances=6235536 	T=0.0007036 	E=0.00127489
Time=6	 Trials=29950100	 Acceptances=6235661 	T=0.000700674 	E=0.00295509
Time=6	 Trials=30050100	 Acceptances=6235785 	T=0.000697461 	E=0.00268392
Time=6	 Trials=30150100	 Acceptances=6235933 	T=0.000694986 	E=0.00171952
Time=6	 Trials=30250100	 Acceptances=6236119 	T=0.000693231 	E=0.00254503
Time=6	 Trials=30350100	 Acceptances=6236266 	T=0.000690852 	E=0.00361252
Time=6	 Trials=30450100	 Acceptances=6236412 	T=0.000688097 	E=0.00102277
Time=6	 Trials=30550100	 Acceptances=6236488 	T=0.000685318 	E=0.00107762
Time=6	 Trials=30650100	 Acceptances=6236611 	T=0.000684151 	E=0.00193232
Time=6	 Trials=30750100	 Acceptances=6236811 	T=0.000681262 	E=0.00214511
Time=6	 Trials=30850100	 Acceptances=6236973 	T=0.000680366 	E=0.000993585
Time=6	 Trials=30950100	 Acceptances=6237078 	T=0.000674928 	E=0.00275783
Time=6	 Trials=31050100	 Acceptances=6237106 	T=0.000669344 	E=0.00144836
Time=6	 Trials=31150100	 Acceptances=6237138 	T=0.000665989 	E=0.00455125
Time=6	 Trials=31250100	 Acceptances=6237268 	T=0.000664992 	E=0.00319355
Time=6	 Trials=31350100	 Acceptances=6237350 	T=0.000664638 	E=0.00102939
Time=6	 Trials=31450100	 Acceptances=6237463 	T=0.000664071 	E=0.00207121
Time=6	 Trials=31550100	 Acceptances=6237632 	T=0.000661704 	E=0.00389382
Time=6	 Trials=31650100	 Acceptances=6237890 	T=0.000658746 	E=0.00343905
Time=6	 Trials=31750100	 Acceptances=6238012 	T=0.000657769 	E=0.00498698
Time=6	 Trials=31850100	 Acceptances=6238224 	T=0.000655798 	E=0.0044225
Time=6	 Trials=31950100	 Acceptances=6238352 	T=0.000652666 	E=0.00439331
Time=6	 Trials=32050100	 Acceptances=6238500 	T=0.000650319 	E=0.00393854
Time=6	 Trials=32150100	 Acceptances=6238680 	T=0.000644565 	E=0.00224281
Time=6	 Trials=32250100	 Acceptances=6238799 	T=0.000643355 	E=0.00669636
Time=6	 Trials=32350100	 Acceptances=6238989 	T=0.000641849 	E=0.00197164
Time=6	 Trials=32450100	 Acceptances=6239133 	T=0.000639645 	E=0.00340986
Time=7	 Trials=32550100	 Acceptances=6239244 	T=0.000636866 	E=0.00140364
Time=7	 Trials=32650100	 Acceptances=6239422 	T=0.000633858 	E=0.00222915
Time=7	 Trials=32750100	 Acceptances=6239526 	T=0.000631266 	E=0.00207121
Time=7	 Trials=32850100	 Acceptances=6239641 	T=0.000630254 	E=0.00447735
Time=7	 Trials=32950100	 Acceptances=6239785 	T=0.000629394 	E=0.00147215
Time=7	 Trials=33050100	 Acceptances=6239950 	T=0.000628052 	E=0.00193232
Time=7	 Trials=33150100	 Acceptances=6240073 	T=0.000626402 	E=0.0027423
Time=7	 Trials=33250100	 Acceptances=6240213 	T=0.000625315 	E=0.00169034
Time=7	 Trials=33350100	 Acceptances=6240332 	T=0.000620896 	E=0.00302899
Time=7	 Trials=33450100	 Acceptances=6240406 	T=0.000618628 	E=0.0015324
Time=7	 Trials=33550100	 Acceptances=6240525 	T=0.000618386 	E=0.000494096
Time=7	 Trials=33650100	 Acceptances=6240554 	T=0.000616006 	E=0.00287105
Time=7	 Trials=33750100	 Acceptances=6240699 	T=0.000614225 	E=0.00209026
Time=7	 Trials=33850100	 Acceptances=6240831 	T=0.000612937 	E=0.00143283
Time=7	 Trials=33950100	 Acceptances=6240880 	T=0.000612502 	E=0.00241628
Time=7	 Trials=34050100	 Acceptances=6241074 	T=0.0006102 	E=0.00201636
Time=7	 Trials=34150100	 Acceptances=6241169 	T=0.000607094 	E=0.00262907
Time=7	 Trials=34250100	 Acceptances=6241310 	T=0.000605721 	E=0.00282633
Time=7	 Trials=34350100	 Acceptances=6241492 	T=0.00060019 	E=0.00343905
Time=7	 Trials=34450100	 Acceptances=6241652 	T=0.000599849 	E=0.00225834
Time=7	 Trials=34550100	 Acceptances=6241820 	T=0.000596231 	E=0.00338068
Time=7	 Trials=34650100	 Acceptances=6241967 	T=0.000592487 	E=0.00198717
Time=7	 Trials=34750100	 Acceptances=6242025 	T=0.000588973 	E=0.00198717
Time=7	 Trials=34850100	 Acceptances=6242100 	T=0.000582603 	E=0.00316788
Time=7	 Trials=34950100	 Acceptances=6242242 	T=0.000580466 	E=0.0021743
Time=7	 Trials=35050100	 Acceptances=6242304 	T=0.000578304 	E=0.00107762
Time=7	 Trials=35150100	 Acceptances=6242328 	T=0.000574263 	E=0.00222915
Time=7	 Trials=35250100	 Acceptances=6242423 	T=0.00057293 	E=0.000820114
Time=7	 Trials=35350100	 Acceptances=6242482 	T=0.000569928 	E=0.00225834
Time=7	 Trials=35450100	 Acceptances=6242599 	T=0.00056564 	E=0.00177438
Time=7	 Trials=35550100	 Acceptances=6242639 	T=0.000564064 	E=0.00119085
Time=7	 Trials=35650100	 Acceptances=6242659 	T=0.000559157 	E=0.00119085
Time=7	 Trials=35750100	 Acceptances=6242702 	T=0.000558516 	E=0.00328111
Time=7	 Trials=35850100	 Acceptances=6242720 	T=0.000554611 	E=0.00208487
Time=7	 Trials=35950100	 Acceptances=6242759 	T=0.000553174 	E=0.0021743
Time=7	 Trials=36050100	 Acceptances=6242881 	T=0.000550209 	E=0.00319707
Time=7	 Trials=36150100	 Acceptances=6242969 	T=0.000548786 	E=0.00193232
Time=7	 Trials=36250100	 Acceptances=6243030 	T=0.000548434 	E=0.00086483
Time=7	 Trials=36350100	 Acceptances=6243035 	T=0.000546754 	E=0.000494096
Time=7	 Trials=36750100	 Acceptances=6243050 	T=0.000545238 	E=0.000978055
Time=7	 Trials=36850100	 Acceptances=6243100 	T=0.000544814 	E=0.00193232
Time=7	 Trials=36950100	 Acceptances=6243130 	T=0.000541583 	E=0.00119085
Time=7	 Trials=37050100	 Acceptances=6243142 	T=0.000503325 	E=0.00110681
Time=7	 Trials=37150100	 Acceptances=6243236 	T=0.000502032 	E=0.00201636
Time=7	 Trials=37250100	 Acceptances=6243326 	T=0.000500484 	E=0.00156158
Time=7	 Trials=37350100	 Acceptances=6243388 	T=0.00049486 	E=0.00225834
Time=7	 Trials=37450100	 Acceptances=6243418 	T=0.000493892 	E=0.00110681
Time=7	 Trials=37550100	 Acceptances=6243493 	T=0.0004933 	E=0.00193232
Time=7	 Trials=37650100	 Acceptances=6243571 	T=0.000492691 	E=0.00193232
Time=7	 Trials=37750100	 Acceptances=6243618 	T=0.000491246 	E=0.00222915
Time=7	 Trials=37850100	 Acceptances=6243667 	T=0.000490372 	E=0.00147754
Time=7	 Trials=37950100	 Acceptances=6243742 	T=0.000488951 	E=0.00147754
Time=7	 Trials=38050100	 Acceptances=6243760 	T=0.000483851 	E=0.00193232
Time=7	 Trials=38150100	 Acceptances=6243808 	T=0.000481085 	E=0.00193232
Time=8	 Trials=38250100	 Acceptances=6243866 	T=0.000479504 	E=0.00241628
Time=8	 Trials=38350100	 Acceptances=6243952 	T=0.000479052 	E=0.00175885
Time=8	 Trials=38450100	 Acceptances=6243977 	T=0.000476426 	E=0.000948869
Time=8	 Trials=38650100	 Acceptances=6243993 	T=0.000474857 	E=0.00107762
Time=8	 Trials=38750100	 Acceptances=6244004 	T=0.000471821 	E=0.00107762
Time=8	 Trials=38850100	 Acceptances=6244010 	T=0.000435713 	E=0.00107762
Time=8	 Trials=38950100	 Acceptances=6244039 	T=0.000435184 	E=0.000706889
Time=8	 Trials=39150100	 Acceptances=6244042 	T=0.000434032 	E=0.00148768
Time=8	 Trials=39250100	 Acceptances=6244050 	T=0.000432892 	E=0.00116166
Time=8	 Trials=39350100	 Acceptances=6244059 	T=0.000430896 	E=0.0015324
Time=8	 Trials=39450100	 Acceptances=6244157 	T=0.000429894 	E=0.00214511
Time=8	 Trials=39550100	 Acceptances=6244205 	T=0.00042927 	E=0.0015324
Time=8	 Trials=39650100	 Acceptances=6244207 	T=0.000388419 	E=0.0015324
Time=8	 Trials=39850100	 Acceptances=6244211 	T=0.000387917 	E=0.00198717
Time=8	 Trials=39900100	 Acceptances=6244213 	T=0.000387459 	E=0.0015324
Time=8	 Trials=39950100	 Acceptances=6244215 	T=0.000350588 	E=0.0015324
Time=8	 Trials=40050100	 Acceptances=6244217 	T=0.000345418 	E=0.0015324
Time=8	 Trials=40200100	 Acceptances=6244224 	T=0.0003449 	E=0.00198717
Time=8	 Trials=40250100	 Acceptances=6244231 	T=0.000344506 	E=0.0015324
Time=8	 Trials=40400100	 Acceptances=6244246 	T=0.000344157 	E=0.0015324
Time=8	 Trials=40500100	 Acceptances=6244249 	T=0.000323268 	E=0.0015324
Time=8	 Trials=41000100	 Acceptances=6244251 	T=0.000320052 	E=0.0015324
Time=8	 Trials=41300100	 Acceptances=6244253 	T=0.000289595 	E=0.0015324
Time=8	 Trials=41650100	 Acceptances=6244255 	T=0.000264572 	E=0.0015324
Time=8	 Trials=41850100	 Acceptances=6244257 	T=0.00026437 	E=0.00198717
Time=8	 Trials=41900100	 Acceptances=6244259 	T=0.000264114 	E=0.0015324
Time=8	 Trials=42050100	 Acceptances=6244261 	T=0.000255927 	E=0.0015324
Time=8	 Trials=43100100	 Acceptances=6244263 	T=0.000253381 	E=0.0015324
Time=8	 Trials=43400100	 Acceptances=6244266 	T=0.000239185 	E=0.0015324
Time=8	 Trials=43700100	 Acceptances=6244268 	T=0.000234682 	E=0.0015324
Time=10	 Trials=51100100	 Acceptances=6244384 	T=0.000226064 	E=0.00247113
Time=10	 Trials=51200100	 Acceptances=6244401 	T=0.000225747 	E=0.0015324
Time=10	 Trials=52100100	 Acceptances=6244405 	T=0.000204265 	E=0.0015324
Time=11	 Trials=55600100	 Acceptances=6244407 	T=0.000198895 	E=0.0015324
Time=12	 Trials=61460000	 Acceptances=6244407 	T=0 	E=0.0015324
E=0.0015324, config is:
++o---o-oo++o--++--o-+oo+o-o++-o-+-o-+-o++-+ooo-o++-+o-+-oo-o+----+-o+o++o++oo+-oin here

